Log file open, 02/25/17 02:33:01
LogInit:Display: Running engine for game: MaterialProject
LogPlatformFile: Not using cached read wrapper
LogInit:Display: RandInit(1112756228) SRandInit(1112756228).
LogTaskGraph: Started task graph with 5 named threads and 8 total threads with 1 sets of task threads.
LogStats: Stats thread started at 0.084127
LogInit: Using libcurl 7.47.1
LogInit:  - built for x86_64-pc-win32
LogInit:  - supports SSL with OpenSSL/1.0.2g
LogInit:  - supports HTTP deflate (compression) using libz 1.2.8
LogInit:  - other features:
LogInit:      CURL_VERSION_SSL
LogInit:      CURL_VERSION_LIBZ
LogInit:      CURL_VERSION_IPV6
LogInit:      CURL_VERSION_ASYNCHDNS
LogInit:      CURL_VERSION_LARGEFILE
LogInit:      CURL_VERSION_IDN
LogInit:  CurlRequestOptions (configurable via config and command line):
LogInit:  - bVerifyPeer = false  - Libcurl will NOT verify peer certificate
LogInit:  - bUseHttpProxy = false  - Libcurl will NOT use HTTP proxy
LogInit:  - bDontReuseConnections = false  - Libcurl will reuse connections
LogInit:  - CertBundlePath = nullptr  - Libcurl will use whatever was configured at build time.
LogInit: Build: ++UE4+Release-4.15-CL-3299760
LogInit: Engine Version: 4.15.0-3299760+++UE4+Release-4.15
LogInit: Compatible Engine Version: 4.15.0-3299760+++UE4+Release-4.15
LogInit: Net CL: 3299760
LogDevObjectVersion: Number of dev versions registered: 14
LogDevObjectVersion:   Dev-Blueprints (B0D832E4-1F89-4F0D-ACCF-7EB736FD4AA2): 8
LogDevObjectVersion:   Dev-Build (E1C64328-A22C-4D53-A36C-8E866417BD8C): 0
LogDevObjectVersion:   Dev-Core (375EC13C-06E4-48FB-B500-84F0262A717E): 2
LogDevObjectVersion:   Dev-Editor (E4B068ED-F494-42E9-A231-DA0B2E46BB41): 14
LogDevObjectVersion:   Dev-Framework (CFFC743F-43B0-4480-9391-14DF171D2073): 22
LogDevObjectVersion:   Dev-Mobile (B02B49B5-BB20-44E9-A304-32B752E40360): 0
LogDevObjectVersion:   Dev-Networking (A4E4105C-59A1-49B5-A7C5-40C4547EDFEE): 0
LogDevObjectVersion:   Dev-Online (39C831C9-5AE6-47DC-9A44-9C173E1C8E7C): 0
LogDevObjectVersion:   Dev-Physics (78F01B33-EBEA-4F98-B9B4-84EACCB95AA2): 0
LogDevObjectVersion:   Dev-Platform (6631380F-2D4D-43E0-8009-CF276956A95A): 0
LogDevObjectVersion:   Dev-Rendering (12F88B9F-8875-4AFC-A67C-D90C383ABD29): 12
LogDevObjectVersion:   Dev-Sequencer (7B5AE74C-D270-4C10-A958-57980B212A5A): 3
LogDevObjectVersion:   Dev-VR (D7296918-1DD6-4BDD-9DE2-64A83CC13884): 0
LogDevObjectVersion:   Dev-LoadTimes (C2A15278-BFE7-4AFE-6C17-90FF531DF755): 1
LogInit: Compiled (64-bit): Feb 14 2017 02:04:14
LogInit: Compiled with Visual C++: 19.00.23026.00
LogInit: Build Configuration: Development
LogInit: Branch Name: ++UE4+Release-4.15
LogInit: Command line: 
LogInit: Base directory: C:/Program Files (x86)/UE4/UE_4.15/Engine/Binaries/Win64/
LogInit: Installed Engine Build: 1
LogInit: Presizing for max 8388607 objects, including 0 objects not considered by GC, pre-allocating 0 bytes for permanent pool.
LogInit: Object subsystem initialized
[2017.02.25-01.33.02:201][  0]LogInit: Selected Device Profile: [Windows]
[2017.02.25-01.33.02:201][  0]LogInit: Applying CVar settings loaded from the selected device profile: [Windows]
[2017.02.25-01.33.02:213][  0]LogInit: Computer: DESKTOP-KCPV8HJ
[2017.02.25-01.33.02:213][  0]LogInit: User: MK
[2017.02.25-01.33.02:213][  0]LogInit: CPU Page size=65536, Cores=4
[2017.02.25-01.33.02:213][  0]LogInit: High frequency timer resolution =3.252896 MHz
[2017.02.25-01.33.02:213][  0]LogMemory: Memory total: Physical=12.0GB (12GB approx)
[2017.02.25-01.33.02:213][  0]LogMemory: Platform Memory Stats for Windows
[2017.02.25-01.33.02:213][  0]LogMemory: Process Physical Memory: 263.29 MB used, 263.29 MB peak
[2017.02.25-01.33.02:214][  0]LogMemory: Process Virtual Memory: 262.65 MB used, 262.65 MB peak
[2017.02.25-01.33.02:214][  0]LogMemory: Physical Memory: 6713.21 MB used,  5573.21 MB free, 12286.42 MB total
[2017.02.25-01.33.02:214][  0]LogMemory: Virtual Memory: 644.25 MB used,  5573.21 MB free, 134217728.00 MB total
[2017.02.25-01.33.02:346][  0]LogTextLocalizationManager: No translations for ('de-DE') exist, falling back to 'en' for localization and internationalization data.
[2017.02.25-01.33.03:116][  0]LogD3D11RHI: D3D11 adapters:
[2017.02.25-01.33.03:747][  0]LogD3D11RHI:    0. 'NVIDIA GeForce GTX 660' (Feature Level 11_0)
[2017.02.25-01.33.03:747][  0]LogD3D11RHI:       2016/0/6143 MB DedicatedVideo/DedicatedSystem/SharedSystem, Outputs:2, VendorId:0x10de
[2017.02.25-01.33.03:749][  0]LogD3D11RHI:    1. 'Microsoft Basic Render Driver' (Feature Level 11_0)
[2017.02.25-01.33.03:749][  0]LogD3D11RHI:       0/0/6143 MB DedicatedVideo/DedicatedSystem/SharedSystem, Outputs:0, VendorId:0x1414
[2017.02.25-01.33.03:749][  0]LogD3D11RHI: Chosen D3D11 Adapter: 0
[2017.02.25-01.33.03:752][  0]LogD3D11RHI: Creating new Direct3DDevice
[2017.02.25-01.33.03:752][  0]LogD3D11RHI:     GPU DeviceId: 0x11c0 (for the marketing name, search the web for "GPU Device Id")
[2017.02.25-01.33.03:752][  0]LogWindows: EnumDisplayDevices:
[2017.02.25-01.33.03:752][  0]LogWindows:    0. 'NVIDIA GeForce GTX 660' (P:1 D:1)
[2017.02.25-01.33.03:753][  0]LogWindows:    1. 'NVIDIA GeForce GTX 660' (P:0 D:1)
[2017.02.25-01.33.03:753][  0]LogWindows:    2. 'NVIDIA GeForce GTX 660' (P:0 D:0)
[2017.02.25-01.33.03:753][  0]LogWindows:    3. 'NVIDIA GeForce GTX 660' (P:0 D:0)
[2017.02.25-01.33.03:753][  0]LogWindows: DebugString: FoundDriverCount:4 
[2017.02.25-01.33.03:753][  0]LogD3D11RHI:     Adapter Name: NVIDIA GeForce GTX 660
[2017.02.25-01.33.03:753][  0]LogD3D11RHI:   Driver Version: 376.53 (internal:21.21.13.7653, unified:376.53)
[2017.02.25-01.33.03:753][  0]LogD3D11RHI:      Driver Date: 12-29-2016
[2017.02.25-01.33.03:753][  0]LogRHI: Texture pool is 1361 MB (70% of 1945 MB)
[2017.02.25-01.33.04:350][  0]LogD3D11RHI:Warning: Timestamp queries are currently disabled on this hardware due to instability. Realtime GPU stats will not be available. You can override this behaviour by setting r.NVIDIATimestampWorkaround to 0
[2017.02.25-01.33.04:350][  0]LogD3D11RHI: Async texture creation enabled
[2017.02.25-01.33.04:542][  0]LogD3D11RHI: GPU Timing Frequency: 1000.000000 (Debug: 2 2)
[2017.02.25-01.33.04:640][  0]LogShaderCompilers: Guid format shader working directory is -47 characters bigger than the processId version (../../../../../../Users/MK/Documents/GitHub/Elemental-Crystal/UE4 Projects/MaterialProject/Intermediate/Shaders/WorkingDirectory/8152/).
[2017.02.25-01.33.04:640][  0]LogShaderCompilers: Cleaned the shader compiler working directory 'C:/Users/MK/AppData/Local/Temp/UnrealShaderWorkingDir/AD646FDE4B4BD0D394BBE19315ACF1F6/'.
[2017.02.25-01.33.04:640][  0]LogShaderCompilers:Display: Using Local Shader Compiler.
[2017.02.25-01.33.05:947][  0]LogTemp:Display: Loaded TP AllDesktopTargetPlatform
[2017.02.25-01.33.06:021][  0]LogTemp:Display: Loaded TP MacClientTargetPlatform
[2017.02.25-01.33.06:112][  0]LogTemp:Display: Loaded TP MacNoEditorTargetPlatform
[2017.02.25-01.33.06:190][  0]LogTemp:Display: Loaded TP MacServerTargetPlatform
[2017.02.25-01.33.06:264][  0]LogTemp:Display: Loaded TP MacTargetPlatform
[2017.02.25-01.33.06:337][  0]LogTemp:Display: Loaded TP WindowsClientTargetPlatform
[2017.02.25-01.33.06:412][  0]LogTemp:Display: Loaded TP WindowsNoEditorTargetPlatform
[2017.02.25-01.33.06:487][  0]LogTemp:Display: Loaded TP WindowsServerTargetPlatform
[2017.02.25-01.33.06:546][  0]LogTemp:Display: Loaded TP WindowsTargetPlatform
[2017.02.25-01.33.06:620][  0]LogTemp:Display: Loaded TP AndroidTargetPlatform
[2017.02.25-01.33.06:693][  0]LogTemp:Display: Loaded TP Android_ASTCTargetPlatform
[2017.02.25-01.33.06:766][  0]LogTemp:Display: Loaded TP Android_ATCTargetPlatform
[2017.02.25-01.33.06:838][  0]LogTemp:Display: Loaded TP Android_DXTTargetPlatform
[2017.02.25-01.33.06:911][  0]LogTemp:Display: Loaded TP Android_ETC1TargetPlatform
[2017.02.25-01.33.06:984][  0]LogTemp:Display: Loaded TP Android_ETC2TargetPlatform
[2017.02.25-01.33.07:129][  0]LogTemp:Display: Loaded TP Android_MultiTargetPlatform
[2017.02.25-01.33.07:129][  0]LogTemp:Display: Loaded TP Android_PVRTCTargetPlatform
[2017.02.25-01.33.07:184][  0]LogTemp:Display: Loaded TP HTML5TargetPlatform
[2017.02.25-01.33.07:306][  0]LogTemp:Display: Loaded TP IOSTargetPlatform
[2017.02.25-01.33.07:354][  0]LogTemp:Display: Loaded TP TVOSTargetPlatform
[2017.02.25-01.33.07:427][  0]LogTemp:Display: Loaded TP LinuxClientTargetPlatform
[2017.02.25-01.33.07:499][  0]LogTemp:Display: Loaded TP LinuxNoEditorTargetPlatform
[2017.02.25-01.33.07:571][  0]LogTemp:Display: Loaded TP LinuxServerTargetPlatform
[2017.02.25-01.33.07:644][  0]LogTemp:Display: Loaded TP LinuxTargetPlatform
[2017.02.25-01.33.07:644][  0]LogTargetPlatformManager:Display: Building Assets For Windows
[2017.02.25-01.33.08:227][  0]LogDerivedDataCache:Display: Max Cache Size: 512 MB
[2017.02.25-01.33.08:287][  0]LogDerivedDataCache: Loaded boot cache 0.06s 50MB C:/Users/MK/AppData/Local/UnrealEngine/4.15/DerivedDataCache/Boot.ddc.
[2017.02.25-01.33.08:287][  0]LogDerivedDataCache:Display: Loaded Boot cache: C:/Users/MK/AppData/Local/UnrealEngine/4.15/DerivedDataCache/Boot.ddc
[2017.02.25-01.33.08:287][  0]LogDerivedDataCache: FDerivedDataBackendGraph:  Pak pak cache file ../../../../../../Users/MK/Documents/GitHub/Elemental-Crystal/UE4 Projects/MaterialProject/DerivedDataCache/DDC.ddp not found, will not use a pak cache.
[2017.02.25-01.33.08:287][  0]LogDerivedDataCache: Unable to find inner node Pak for hierarchical cache Hierarchy.
[2017.02.25-01.33.08:287][  0]LogDerivedDataCache: FDerivedDataBackendGraph:  CompressedPak pak cache file ../../../../../../Users/MK/Documents/GitHub/Elemental-Crystal/UE4 Projects/MaterialProject/DerivedDataCache/Compressed.ddp not found, will not use a pak cache.
[2017.02.25-01.33.08:287][  0]LogDerivedDataCache: Unable to find inner node CompressedPak for hierarchical cache Hierarchy.
[2017.02.25-01.33.08:309][  0]LogDerivedDataCache:Display: Pak cache opened for reading ../../../Engine/DerivedDataCache/Compressed.ddp.
[2017.02.25-01.33.08:322][  0]LogDerivedDataCache: Using Local data cache path C:/Users/MK/AppData/Local/UnrealEngine/Common/DerivedDataCache: Writable
[2017.02.25-01.33.08:343][  0]LogSlate: Using Freetype 2.6.0
[2017.02.25-01.33.08:343][  0]LogSlate: SlateFontCache - WITH_FREETYPE: 1, WITH_HARFBUZZ: 1
[2017.02.25-01.33.08:343][  0]LogSlate: SlateFontCache - WITH_FREETYPE: 1, WITH_HARFBUZZ: 1
[2017.02.25-01.33.08:674][  0]LogInit: Selected Device Profile: [Windows]
[2017.02.25-01.33.08:678][  0]LogContentStreaming: Texture pool size is 0.00 MB
[2017.02.25-01.33.08:935][  0]LogMeshUtilities: Using QuadricMeshReduction for automatic static mesh reduction
[2017.02.25-01.33.08:993][  0]LogSimplygon: Simplygon DLL not present - disabling.
[2017.02.25-01.33.09:052][  0]LogMeshUtilities: Using SimplygonSwarm for distributed automatic mesh merging
[2017.02.25-01.33.09:052][  0]LogMeshUtilities: No automatic skeletal mesh reduction module available
[2017.02.25-01.33.09:052][  0]LogMeshUtilities: No automatic mesh merging module available
[2017.02.25-01.33.09:700][  0]LogNetVersion: GetLocalNetworkVersion: CL: 3299760, ProjectName: materialproject, ProjectVersion: , EngineNetworkVersion: 2, GameNetworkVersion: 0, NetworkChecksum: 1111829076
[2017.02.25-01.33.09:752][  0]LogAssetRegistry: FAssetRegistry took 0.0211 seconds to start up
[2017.02.25-01.33.09:807][  0]LogPackageLocalizationCache: Processed 3 localized package path(s) for 1 prioritized culture(s) in 0.025523 seconds
[2017.02.25-01.33.09:813][  0]LogUObjectArray: 32475 objects as part of root set at end of initial load.
[2017.02.25-01.33.09:813][  0]LogUObjectAllocator: 7073360 out of 0 bytes used by permanent object pool.
[2017.02.25-01.33.09:813][  0]LogUObjectArray: CloseDisregardForGC: 0/0 objects in disregard for GC pool
[2017.02.25-01.33.09:897][  0]LogInit: WinSock: version 1.1 (2.2), MaxSocks=32767, MaxUdp=65467
[2017.02.25-01.33.11:977][  0]LogTcpMessaging: Initializing TcpMessaging bridge
[2017.02.25-01.33.12:040][  0]LogUdpMessaging: Initializing bridge on interface 0.0.0.0:0 to multicast group 230.0.0.1:6666.
[2017.02.25-01.33.12:693][  0]LogMaterial: Uniform references updated for custom material expression Custom.
[2017.02.25-01.33.13:242][  0]SourceControl: Info Source control is disabled
[2017.02.25-01.33.13:243][  0]SourceControl: Info Source control is disabled
[2017.02.25-01.33.13:303][  0]SourceControl: Info Source control is disabled
[2017.02.25-01.33.13:380][  0]SourceControl: Info Source control is disabled
[2017.02.25-01.33.15:046][  0]LogEngine: Initializing Engine...
[2017.02.25-01.33.15:046][  0]LogHMD: Failed to initialize OpenVR with code 110
[2017.02.25-01.33.15:342][  0]LogAIModule: Creating AISystem for world Untitled
[2017.02.25-01.33.15:351][  0]LogInit: XAudio2 using 'Speakers (Realtek High Definition Audio)' : 2 channels at 48 kHz using 32 bits per sample (channel mask 0x3)
[2017.02.25-01.33.15:370][  0]LogInit: FAudioDevice initialized.
[2017.02.25-01.33.15:398][  0]LogDerivedDataCache: Saved boot cache 0.03s 50MB C:/Users/MK/AppData/Local/UnrealEngine/4.15/DerivedDataCache/Boot.ddc.
[2017.02.25-01.33.15:408][  0]LogInit: Texture streaming: Enabled
[2017.02.25-01.33.15:533][  0]LogEngineSessionManager: EngineSessionManager initialized
[2017.02.25-01.33.15:646][  0]LogInit: Transaction tracking system initialized
[2017.02.25-01.33.16:098][  0]BlueprintLog: New page: Editor Load
[2017.02.25-01.33.17:246][  0]LocalizationService: Info Localization service is disabled
[2017.02.25-01.33.18:107][  0]LogConsoleResponse:Display: 
[2017.02.25-01.33.18:257][  0]LogCook:Display: Max memory allowance for cook 16384mb min free memory 0mb
[2017.02.25-01.33.18:257][  0]LogCook:Display: Mobile HDR setting 1
[2017.02.25-01.33.19:182][  0]LogFileCache: Scanning file cache for directory 'C:/Users/MK/Documents/GitHub/Elemental-Crystal/UE4 Projects/MaterialProject/Content/' took 0.01s
[2017.02.25-01.33.19:558][  0]SourceControl: Info Source control is disabled
[2017.02.25-01.33.19:559][  0]Cmd: MAP LOAD FILE="../../../../../../Users/MK/Documents/GitHub/Elemental-Crystal/UE4 Projects/MaterialProject/Content/StarterContent/Maps/Minimal_Default.umap" TEMPLATE=0 SHOWPROGRESS=1 FEATURELEVEL=3
[2017.02.25-01.33.19:559][  0]LightingResults: New page: Lighting Build
[2017.02.25-01.33.19:612][  0]MapCheck: New page: Map Check
[2017.02.25-01.33.19:612][  0]LightingResults: New page: Lighting Build
[2017.02.25-01.33.20:026][  0]LogAIModule: Creating AISystem for world Minimal_Default
[2017.02.25-01.33.20:033][  0]LogEditorServer: Finished looking for orphan Actors (0.000 secs)
[2017.02.25-01.33.20:034][  0]Cmd: MAP CHECKDEP NOCLEARLOG
[2017.02.25-01.33.20:088][  0]MapCheck: Info Map check complete: 0 Error(s), 0 Warning(s), took 54.624ms to complete.
[2017.02.25-01.33.20:088][  0]LogFileHelpers: Loading map 'Minimal_Default' took 0.530
[2017.02.25-01.33.20:164][  0]LogWindowsTextInputMethodSystem:Display: IME system now deactivated.
[2017.02.25-01.33.20:320][  0]LogCollectionManager: Loaded 0 collections in 0.001675 seconds
[2017.02.25-01.33.20:420][  0]LogFileCache: Scanning file cache for directory 'C:/Users/MK/Documents/GitHub/Elemental-Crystal/UE4 Projects/MaterialProject/Saved/Collections/' took 0.01s
[2017.02.25-01.33.20:420][  0]LogFileCache: Scanning file cache for directory 'C:/Users/MK/Documents/GitHub/Elemental-Crystal/UE4 Projects/MaterialProject/Content/Developers/MK/Collections/' took 0.01s
[2017.02.25-01.33.20:420][  0]LogFileCache: Scanning file cache for directory 'C:/Users/MK/Documents/GitHub/Elemental-Crystal/UE4 Projects/MaterialProject/Content/Collections/' took 0.01s
[2017.02.25-01.33.20:420][  0]LogCollectionManager: Rebuilt the GUID cache for 0 collections in 0.000002 seconds
[2017.02.25-01.33.20:432][  0]LogContentBrowser: Native class hierarchy populated in 0.0115 seconds. Added 2244 classes and 450 folders.
[2017.02.25-01.33.20:435][  0]LogStats: UGameplayTagsManager::ConstructGameplayTagTree: Construct from data asset -  0.000 s
[2017.02.25-01.33.20:435][  0]LogStats: UGameplayTagsManager::ConstructGameplayTagTree: GameplayTagTreeChangedEvent.Broadcast -  0.000 s
[2017.02.25-01.33.20:516][  0]LogContentBrowser: Native class hierarchy updated for 'WidgetCarousel' in 0.0006 seconds. Added 0 classes and 0 folders.
[2017.02.25-01.33.20:559][  0]LogContentBrowser: Native class hierarchy updated for 'AddContentDialog' in 0.0006 seconds. Added 0 classes and 0 folders.
[2017.02.25-01.33.20:614][  0]LogContentBrowser: Native class hierarchy updated for 'SceneOutliner' in 0.0006 seconds. Added 1 classes and 2 folders.
[2017.02.25-01.33.20:675][  0]LogCrashTracker: Crashtracker disabled due to settings.
[2017.02.25-01.33.20:682][  0]LogUObjectGlobals:Warning: Failed to find object 'Class None.'
[2017.02.25-01.33.20:758][  0]LogContentBrowser: Native class hierarchy updated for 'HierarchicalLODOutliner' in 0.0006 seconds. Added 1 classes and 2 folders.
[2017.02.25-01.33.20:758][  0]LogLoad: (Engine Initialization) Total time: 20.82 seconds
[2017.02.25-01.33.20:758][  0]LogLoad: (Engine Initialization) Total Blueprint compile time: 0.12 seconds
[2017.02.25-01.33.20:758][  0]LogExternalProfiler: Found external profiler: VSPerf
[2017.02.25-01.33.20:758][  0]LogExternalProfiler: Using external profiler: VSPerf
[2017.02.25-01.33.20:767][  0]LogOcInput: OculusInput pre-init called
[2017.02.25-01.33.20:790][  0]LogContentStreaming: Texture pool size now 1000 MB
[2017.02.25-01.33.20:791][  0]LogSlate: Took 0.000263 seconds to synchronously load lazily loaded font '../../../Engine/Content/Slate/Fonts/Roboto-Regular.ttf' (155K)
[2017.02.25-01.33.20:795][  0]LogSlate: Took 0.000266 seconds to synchronously load lazily loaded font '../../../Engine/Content/Slate/Fonts/Roboto-Bold.ttf' (160K)
[2017.02.25-01.33.20:802][  0]LogSlate: Took 0.000291 seconds to synchronously load lazily loaded font '../../../Engine/Content/Editor/Slate/Fonts/FontAwesome.ttf' (139K)
[2017.02.25-01.33.20:922][  0]LogSlate: Took 0.000287 seconds to synchronously load lazily loaded font '../../../Engine/Content/Slate/Fonts/Roboto-Light.ttf' (159K)
[2017.02.25-01.33.20:995][  0]LogRenderer: Reallocating scene render targets to support 772x356 NumSamples 1 (Frame:2).
[2017.02.25-01.33.21:059][  1]LogAssetRegistry: Asset discovery search completed in 11.3284 seconds
[2017.02.25-01.33.21:060][  1]LogCollectionManager: Rebuilt the object cache for 0 collections in 0.000504 seconds (found 0 objects)
[2017.02.25-01.33.21:060][  1]LogCollectionManager: Fixed up redirectors for 0 collections in 0.000540 seconds (updated 0 objects)
[2017.02.25-01.33.24:763][411]LogTemp: Repeting last play command: Selected Viewport
[2017.02.25-01.33.24:773][411]LogBlueprintUserMessages: Early PlayInEditor Detection: Level '/Game/StarterContent/Maps/Minimal_Default.Minimal_Default:PersistentLevel' has LevelScriptBlueprint '/Game/StarterContent/Maps/Minimal_Default.Minimal_Default:PersistentLevel.Minimal_Default' with GeneratedClass '/Game/StarterContent/Maps/Minimal_Default.Minimal_Default_C' with ClassGeneratedBy '/Game/StarterContent/Maps/Minimal_Default.Minimal_Default:PersistentLevel.Minimal_Default'
[2017.02.25-01.33.24:774][411]LogPlayLevel: PlayLevel: No blueprints needed recompiling
[2017.02.25-01.33.24:774][411]PIE: New page: PIE session: Minimal_Default (Feb 25, 2017, 3:33:24 AM)
[2017.02.25-01.33.24:774][411]LogPlayLevel: Creating play world package: /Game/StarterContent/Maps/UEDPIE_0_Minimal_Default
[2017.02.25-01.33.24:784][411]LogPlayLevel: PIE: StaticDuplicateObject took: (0.009834s)
[2017.02.25-01.33.24:785][411]LogAIModule: Creating AISystem for world Minimal_Default
[2017.02.25-01.33.24:785][411]LogPlayLevel: PIE: World Init took: (0.000829s)
[2017.02.25-01.33.24:785][411]LogPlayLevel: PIE: Created PIE world by copying editor world from /Game/StarterContent/Maps/Minimal_Default.Minimal_Default to /Game/StarterContent/Maps/UEDPIE_0_Minimal_Default.Minimal_Default (0.010878s)
[2017.02.25-01.33.24:806][411]LogInit: XAudio2 using 'Speakers (Realtek High Definition Audio)' : 2 channels at 48 kHz using 32 bits per sample (channel mask 0x3)
[2017.02.25-01.33.24:819][411]LogInit: FAudioDevice initialized.
[2017.02.25-01.33.24:868][411]LogLoad: Game class is 'GameModeBase'
[2017.02.25-01.33.24:871][411]LogWorld: Bringing World /Game/StarterContent/Maps/UEDPIE_0_Minimal_Default.Minimal_Default up for play (max tick rate 0) at 2017.02.25-02.33.24
[2017.02.25-01.33.24:871][411]LogWorld: Bringing up level for play took: 0.001367
[2017.02.25-01.33.24:925][411]LogContentBrowser: Native class hierarchy updated for 'MovieSceneCapture' in 0.0006 seconds. Added 11 classes and 0 folders.
[2017.02.25-01.33.24:928][411]PIE: Info Play in editor start time for /Game/StarterContent/Maps/UEDPIE_0_Minimal_Default -0.796
[2017.02.25-01.33.24:928][411]LogBlueprintUserMessages: Late PlayInEditor Detection: Level '/Game/StarterContent/Maps/Minimal_Default.Minimal_Default:PersistentLevel' has LevelScriptBlueprint '/Game/StarterContent/Maps/Minimal_Default.Minimal_Default:PersistentLevel.Minimal_Default' with GeneratedClass '/Game/StarterContent/Maps/Minimal_Default.Minimal_Default_C' with ClassGeneratedBy '/Game/StarterContent/Maps/Minimal_Default.Minimal_Default:PersistentLevel.Minimal_Default'
[2017.02.25-01.33.30:386][ 57]LogBlueprintUserMessages: Early EndPlayMap Detection: Level '/Game/StarterContent/Maps/Minimal_Default.Minimal_Default:PersistentLevel' has LevelScriptBlueprint '/Game/StarterContent/Maps/Minimal_Default.Minimal_Default:PersistentLevel.Minimal_Default' with GeneratedClass '/Game/StarterContent/Maps/Minimal_Default.Minimal_Default_C' with ClassGeneratedBy '/Game/StarterContent/Maps/Minimal_Default.Minimal_Default:PersistentLevel.Minimal_Default'
[2017.02.25-01.33.30:424][ 57]LogBlueprintUserMessages: Late EndPlayMap Detection: Level '/Game/StarterContent/Maps/Minimal_Default.Minimal_Default:PersistentLevel' has LevelScriptBlueprint '/Game/StarterContent/Maps/Minimal_Default.Minimal_Default:PersistentLevel.Minimal_Default' with GeneratedClass '/Game/StarterContent/Maps/Minimal_Default.Minimal_Default_C' with ClassGeneratedBy '/Game/StarterContent/Maps/Minimal_Default.Minimal_Default:PersistentLevel.Minimal_Default'
[2017.02.25-01.33.32:971][357]LogEditorViewport: Clicking on Actor (LMB): BP_Sky_Sphere_C (BP_Sky_Sphere)
[2017.02.25-01.33.33:626][428]LogEditorViewport: Clicking on Actor (LMB): SkyLight (SkyLight)
[2017.02.25-01.33.34:177][486]LogEditorViewport: Clicking on Actor (LMB): SphereReflectionCapture (SphereReflectionCapture10)
[2017.02.25-01.33.37:940][927]LogEditorViewport: Clicking on Actor (LMB): SphereReflectionCapture (SphereReflectionCapture)
[2017.02.25-01.33.38:743][ 17]LogEditorViewport: Clicking on Actor (LMB): SkyLight (SkyLight)
[2017.02.25-01.33.40:788][254]LogEditorViewport: Clicking on Actor (LMB): SphereReflectionCapture (SphereReflectionCapture)
[2017.02.25-01.34.22:115][407]LogEditorActor: Deleted Actor: AmbientSound
[2017.02.25-01.34.22:127][407]LogEditorActor: Deleted 1 Actors (0.015 secs)
[2017.02.25-01.34.24:025][633]LogEditorViewport: Clicking on Actor (LMB): BP_Sky_Sphere_C (BP_Sky_Sphere)
[2017.02.25-01.34.28:017][ 94]LogEditorViewport: Clicking on Actor (LMB): BP_Sky_Sphere_C (BP_Sky_Sphere)
[2017.02.25-01.34.30:617][394]LogTemp: Repeting last play command: Selected Viewport
[2017.02.25-01.34.30:628][394]LogBlueprintUserMessages: Early PlayInEditor Detection: Level '/Game/StarterContent/Maps/Minimal_Default.Minimal_Default:PersistentLevel' has LevelScriptBlueprint '/Game/StarterContent/Maps/Minimal_Default.Minimal_Default:PersistentLevel.Minimal_Default' with GeneratedClass '/Game/StarterContent/Maps/Minimal_Default.Minimal_Default_C' with ClassGeneratedBy '/Game/StarterContent/Maps/Minimal_Default.Minimal_Default:PersistentLevel.Minimal_Default'
[2017.02.25-01.34.30:629][394]LogPlayLevel: PlayLevel: No blueprints needed recompiling
[2017.02.25-01.34.30:629][394]PIE: New page: PIE session: Minimal_Default (Feb 25, 2017, 3:34:30 AM)
[2017.02.25-01.34.30:629][394]LogPlayLevel: Creating play world package: /Game/StarterContent/Maps/UEDPIE_0_Minimal_Default
[2017.02.25-01.34.30:638][394]LogPlayLevel: PIE: StaticDuplicateObject took: (0.009362s)
[2017.02.25-01.34.30:639][394]LogAIModule: Creating AISystem for world Minimal_Default
[2017.02.25-01.34.30:640][394]LogPlayLevel: PIE: World Init took: (0.001504s)
[2017.02.25-01.34.30:640][394]LogPlayLevel: PIE: Created PIE world by copying editor world from /Game/StarterContent/Maps/Minimal_Default.Minimal_Default to /Game/StarterContent/Maps/UEDPIE_0_Minimal_Default.Minimal_Default (0.011097s)
[2017.02.25-01.34.30:655][394]LogInit: XAudio2 using 'Speakers (Realtek High Definition Audio)' : 2 channels at 48 kHz using 32 bits per sample (channel mask 0x3)
[2017.02.25-01.34.30:668][394]LogInit: FAudioDevice initialized.
[2017.02.25-01.34.30:700][394]LogLoad: Game class is 'GameModeBase'
[2017.02.25-01.34.30:702][394]LogWorld: Bringing World /Game/StarterContent/Maps/UEDPIE_0_Minimal_Default.Minimal_Default up for play (max tick rate 0) at 2017.02.25-02.34.30
[2017.02.25-01.34.30:703][394]LogWorld: Bringing up level for play took: 0.001271
[2017.02.25-01.34.30:704][394]PIE: Info Play in editor start time for /Game/StarterContent/Maps/UEDPIE_0_Minimal_Default 0.98
[2017.02.25-01.34.30:704][394]LogBlueprintUserMessages: Late PlayInEditor Detection: Level '/Game/StarterContent/Maps/Minimal_Default.Minimal_Default:PersistentLevel' has LevelScriptBlueprint '/Game/StarterContent/Maps/Minimal_Default.Minimal_Default:PersistentLevel.Minimal_Default' with GeneratedClass '/Game/StarterContent/Maps/Minimal_Default.Minimal_Default_C' with ClassGeneratedBy '/Game/StarterContent/Maps/Minimal_Default.Minimal_Default:PersistentLevel.Minimal_Default'
[2017.02.25-01.34.35:874][  7]LogBlueprintUserMessages: Early EndPlayMap Detection: Level '/Game/StarterContent/Maps/Minimal_Default.Minimal_Default:PersistentLevel' has LevelScriptBlueprint '/Game/StarterContent/Maps/Minimal_Default.Minimal_Default:PersistentLevel.Minimal_Default' with GeneratedClass '/Game/StarterContent/Maps/Minimal_Default.Minimal_Default_C' with ClassGeneratedBy '/Game/StarterContent/Maps/Minimal_Default.Minimal_Default:PersistentLevel.Minimal_Default'
[2017.02.25-01.34.35:925][  7]LogBlueprintUserMessages: Late EndPlayMap Detection: Level '/Game/StarterContent/Maps/Minimal_Default.Minimal_Default:PersistentLevel' has LevelScriptBlueprint '/Game/StarterContent/Maps/Minimal_Default.Minimal_Default:PersistentLevel.Minimal_Default' with GeneratedClass '/Game/StarterContent/Maps/Minimal_Default.Minimal_Default_C' with ClassGeneratedBy '/Game/StarterContent/Maps/Minimal_Default.Minimal_Default:PersistentLevel.Minimal_Default'
[2017.02.25-01.34.35:942][  7]LogActorComponent: ReregisterComponent: (/Game/StarterContent/Maps/Minimal_Default.Minimal_Default:PersistentLevel.Starter_Background_Cue_2.AudioComponent0) Not currently registered. Aborting.
[2017.02.25-01.35.31:951][986]LogActorFactory: Actor Factory created TestArea_Plane
[2017.02.25-01.35.32:605][ 45]LogActorFactory: Actor Factory created TestArea_Plane
[2017.02.25-01.35.37:281][552]LogEditorViewport: Clicking on Actor (context menu): StaticMeshActor (TestArea_Plane)
[2017.02.25-01.35.38:789][702]LogEditorViewport: Clicking on Actor (LMB): StaticMeshActor (TestArea_Plane)
[2017.02.25-01.36.06:443][932]LogActorFactory: Actor Factory created WoodBox1
[2017.02.25-01.36.08:134][128]LogActorFactory: Actor Factory created WoodBox1
[2017.02.25-01.36.36:383][873]LogEditorViewport: Clicking on Actor (LMB): StaticMeshActor (TestArea_Plane)
[2017.02.25-01.36.37:308][950]LogEditorViewport: Clicking on Actor (LMB): StaticMeshActor (WoodBox1)
[2017.02.25-01.36.38:199][ 44]Cmd: EDIT COPY
[2017.02.25-01.36.38:589][ 90]Cmd: EDIT PASTE
[2017.02.25-01.36.47:515][131]LogEditorViewport: Clicking on Actor (LMB): StaticMeshActor (WoodBox2)
[2017.02.25-01.36.48:338][227]Cmd: EDIT COPY
[2017.02.25-01.36.48:725][272]Cmd: EDIT PASTE
[2017.02.25-01.36.50:194][439]Cmd: EDIT PASTE
[2017.02.25-01.36.50:617][481]Cmd: EDIT PASTE
[2017.02.25-01.36.50:875][503]Cmd: EDIT PASTE
[2017.02.25-01.36.51:067][517]Cmd: EDIT PASTE
[2017.02.25-01.36.51:233][528]Cmd: EDIT PASTE
[2017.02.25-01.36.53:993][847]LogEditorViewport: Clicking on Actor (LMB): StaticMeshActor (WoodBox7)
[2017.02.25-01.36.57:857][296]LogEditorViewport: Clicking on Actor (LMB): StaticMeshActor (WoodBox6)
[2017.02.25-01.37.01:083][671]LogEditorViewport: Clicking on Actor (LMB): StaticMeshActor (WoodBox5)
[2017.02.25-01.37.04:132][ 25]LogEditorViewport: Clicking on Actor (LMB): StaticMeshActor (WoodBox4)
[2017.02.25-01.37.10:583][778]LogEditorViewport: Clicking on Actor (LMB): StaticMeshActor (WoodBox3)
[2017.02.25-01.37.17:579][601]LogEditorViewport: Clicking on Actor (LMB): StaticMeshActor (WoodBox2)
[2017.02.25-01.37.19:742][850]Cmd: SELECT NONE
[2017.02.25-01.37.20:637][957]LogEditorViewport: Clicking on Actor (context menu): StaticMeshActor (TestArea_Plane)
[2017.02.25-01.37.21:555][ 24]Cmd: TRANSACTION UNDO
[2017.02.25-01.37.21:555][ 24]LogEditorTransaction: Undo Clicking on Actors (context menu)
[2017.02.25-01.37.21:567][ 24]LogSlate: Took 0.000310 seconds to synchronously load lazily loaded font '../../../Engine/Content/Slate/Fonts/Roboto-Light.ttf' (159K)
[2017.02.25-01.37.22:316][ 98]LogEditorViewport: Clicking on Actor (context menu): StaticMeshActor (TestArea_Plane)
[2017.02.25-01.37.23:005][157]LogEditorViewport: Clicking on Actor (LMB): StaticMeshActor (TestArea_Plane)
[2017.02.25-01.37.23:387][201]Cmd: TRANSACTION UNDO
[2017.02.25-01.37.23:387][201]LogEditorTransaction: Undo Clicking on Actors
[2017.02.25-01.37.23:804][249]Cmd: TRANSACTION UNDO
[2017.02.25-01.37.23:804][249]LogEditorTransaction: Undo Clicking on Actors (context menu)
[2017.02.25-01.37.24:589][342]LogEditorViewport: Clicking on Actor (LMB): StaticMeshActor (WoodBox2)
[2017.02.25-01.37.31:217][119]LogEditorViewport: Clicking on Actor (LMB): StaticMeshActor (WoodBox6)
[2017.02.25-01.37.33:708][405]LogEditorViewport: Clicking on Actor (LMB): StaticMeshActor (WoodBox5)
[2017.02.25-01.37.35:710][634]LogEditorViewport: Clicking on Actor (LMB): StaticMeshActor (WoodBox4)
[2017.02.25-01.37.37:688][860]LogEditorViewport: Clicking on Actor (LMB): StaticMeshActor (WoodBox3)
[2017.02.25-01.37.45:659][784]LogEditorViewport: Clicking on Actor (LMB): StaticMeshActor (WoodBox3)
[2017.02.25-01.37.46:045][827]Cmd: EDIT COPY
[2017.02.25-01.37.46:432][872]Cmd: EDIT PASTE
[2017.02.25-01.37.49:432][220]Cmd: EDIT CUT
[2017.02.25-01.37.49:435][220]LogEditorActor: Deleted Actor: StaticMeshActor
[2017.02.25-01.37.49:445][220]LogEditorActor: Deleted 1 Actors (0.011 secs)
[2017.02.25-01.37.50:373][331]Cmd: EDIT PASTE
[2017.02.25-01.37.51:506][458]Cmd: EDIT COPY
[2017.02.25-01.37.51:890][503]Cmd: EDIT PASTE
[2017.02.25-01.37.58:298][253]Cmd: EDIT COPY
[2017.02.25-01.37.58:608][289]Cmd: EDIT PASTE
[2017.02.25-01.38.02:532][744]LogEditorViewport: Clicking on Actor (LMB): StaticMeshActor (WoodBox10)
[2017.02.25-01.38.06:209][173]Cmd: EDIT COPY
[2017.02.25-01.38.06:487][205]Cmd: EDIT PASTE
[2017.02.25-01.38.13:279][994]Cmd: EDIT COPY
[2017.02.25-01.38.13:546][ 25]Cmd: EDIT PASTE
[2017.02.25-01.38.16:352][350]Cmd: EDIT COPY
[2017.02.25-01.38.16:629][382]Cmd: EDIT PASTE
[2017.02.25-01.38.19:757][737]Cmd: EDIT COPY
[2017.02.25-01.38.20:038][768]Cmd: EDIT PASTE
[2017.02.25-01.38.25:220][368]Cmd: EDIT COPY
[2017.02.25-01.38.25:438][393]Cmd: EDIT PASTE
[2017.02.25-01.43.32:141][696]LogSlate: Took 0.000224 seconds to synchronously load lazily loaded font '../../../Engine/Content/Slate/Fonts/Roboto-Light.ttf' (159K)
[2017.02.25-01.43.32:333][696]LogSavePackage: Save=115.08ms
[2017.02.25-01.43.32:333][696]LogSavePackage: Moving '../../../../../../Users/MK/Documents/GitHub/Elemental-Crystal/UE4 Projects/MaterialProject/Saved/Minimal_Default_Auto1CA5808FF4E0CE427C233C7A71F24C80F.tmp' to '../../../../../../Users/MK/Documents/GitHub/Elemental-Crystal/UE4 Projects/MaterialProject/Saved/Autosaves/Game/StarterContent/Maps/Minimal_Default_Auto1.umap'
[2017.02.25-01.43.32:337][696]LogSavePackage:Display: Finished SavePackage ../../../../../../Users/MK/Documents/GitHub/Elemental-Crystal/UE4 Projects/MaterialProject/Saved/Autosaves/Game/StarterContent/Maps/Minimal_Default_Auto1.umap
[2017.02.25-01.43.32:341][696]LogFileHelpers: Editor autosave (incl. sublevels) for '/Game/StarterContent/Maps/Minimal_Default' took 0.149
[2017.02.25-01.43.32:341][696]LogFileHelpers: Editor autosave (incl. sublevels) for all levels took 0.149
[2017.02.25-02.10.57:535][572]LogSavePackage: Save=101.78ms
[2017.02.25-02.10.57:535][572]LogSavePackage: Moving '../../../../../../Users/MK/Documents/GitHub/Elemental-Crystal/UE4 Projects/MaterialProject/Saved/Minimal_Default_Auto285273EFC4B81321F84C09BB305453AF4.tmp' to '../../../../../../Users/MK/Documents/GitHub/Elemental-Crystal/UE4 Projects/MaterialProject/Saved/Autosaves/Game/StarterContent/Maps/Minimal_Default_Auto2.umap'
[2017.02.25-02.10.57:539][572]LogSavePackage:Display: Finished SavePackage ../../../../../../Users/MK/Documents/GitHub/Elemental-Crystal/UE4 Projects/MaterialProject/Saved/Autosaves/Game/StarterContent/Maps/Minimal_Default_Auto2.umap
[2017.02.25-02.10.57:542][572]LogFileHelpers: Editor autosave (incl. sublevels) for '/Game/StarterContent/Maps/Minimal_Default' took 0.132
[2017.02.25-02.10.57:542][572]LogFileHelpers: Editor autosave (incl. sublevels) for all levels took 0.132
[2017.02.25-02.11.41:939][996]LogEditorViewport: Clicking on Actor (LMB): StaticMeshActor (WoodBox1)
[2017.02.25-02.11.43:379][159]Cmd: EDIT COPY
[2017.02.25-02.11.43:695][196]Cmd: EDIT PASTE
[2017.02.25-02.11.49:953][931]LogEditorViewport: Clicking on Actor (LMB): StaticMeshActor (WoodBox17)
[2017.02.25-02.11.50:385][980]Cmd: EDIT COPY
[2017.02.25-02.11.50:703][ 17]Cmd: EDIT PASTE
[2017.02.25-02.11.56:380][685]LogEditorViewport: Clicking on Actor (LMB): StaticMeshActor (WoodBox18)
[2017.02.25-02.11.56:702][721]Cmd: EDIT COPY
[2017.02.25-02.11.57:013][757]Cmd: EDIT PASTE
[2017.02.25-02.12.04:425][621]Cmd: EDIT COPY
[2017.02.25-02.12.04:717][655]Cmd: EDIT PASTE
[2017.02.25-02.12.08:215][ 63]Cmd: EDIT COPY
[2017.02.25-02.12.08:576][105]Cmd: EDIT PASTE
[2017.02.25-02.12.12:357][501]Cmd: EDIT COPY
[2017.02.25-02.12.12:615][531]Cmd: EDIT PASTE
[2017.02.25-02.12.15:228][834]LogEditorViewport: Clicking on Actor (LMB): StaticMeshActor (WoodBox22)
[2017.02.25-02.12.16:773][ 16]Cmd: EDIT COPY
[2017.02.25-02.12.17:029][ 46]Cmd: EDIT PASTE
[2017.02.25-02.13.14:956][574]LogRenderer: Reallocating scene render targets to support 772x572 NumSamples 1 (Frame:72510).
[2017.02.25-02.13.31:632][994]LogMaterial: Missing cached shader map for material FDebugViewModeMaterialProxy M_Glass_Inst2, compiling. 
[2017.02.25-02.13.31:633][994]LogTemp:Display: Added material ShaderMap 0x0000022190DBDD00 with Material 0x00000221D7BB9300 to ShaderMapsBeingCompiled
[2017.02.25-02.13.32:021][994]LogTemp:Display: Finished compile of shader map 0x0000022190DBDD00
[2017.02.25-02.13.32:021][994]LogTemp:Display: Shader map FDebugViewModeMaterialProxy M_Glass_Inst2 complete, GameThreadShaderMap 0x0000022190DBDD00, marking material FDebugViewModeMaterialProxy M_Glass_Inst2 as finished
[2017.02.25-02.13.32:021][994]LogTemp:Display: Marking material as finished 0x00000221D7BB9300
[2017.02.25-02.13.32:025][994]TextureStreamingBuild:Display: Compiling optional shaders took 0.402 seconds.
[2017.02.25-02.13.56:577][306]LogEditorViewport: Clicking on Actor (LMB): StaticMeshActor (WoodBox8)
[2017.02.25-02.16.45:251][275]LogSavePackage: Save=22.93ms
[2017.02.25-02.16.45:251][275]LogSavePackage: Moving '../../../../../../Users/MK/Documents/GitHub/Elemental-Crystal/UE4 Projects/MaterialProject/Saved/diamond536F7A2D418FE80061023F9001E5E233.tmp' to '../../../../../../Users/MK/Documents/GitHub/Elemental-Crystal/UE4 Projects/MaterialProject/Content/Geometry/Materials/Glass/diamond.uasset'
[2017.02.25-02.16.45:257][275]LogSavePackage:Display: Finished SavePackage ../../../../../../Users/MK/Documents/GitHub/Elemental-Crystal/UE4 Projects/MaterialProject/Content/Geometry/Materials/Glass/diamond.uasset
[2017.02.25-02.17.45:929][561]LogSavePackage: Save=14.36ms
[2017.02.25-02.17.45:929][561]LogSavePackage: Moving '../../../../../../Users/MK/Documents/GitHub/Elemental-Crystal/UE4 Projects/MaterialProject/Saved/M_Glass_Inst2C54C479C4302F4EF9A2844BA0B818C2B.tmp' to '../../../../../../Users/MK/Documents/GitHub/Elemental-Crystal/UE4 Projects/MaterialProject/Content/Geometry/Materials/Glass/M_Glass_Inst2.uasset'
[2017.02.25-02.17.45:936][561]LogSavePackage:Display: Finished SavePackage ../../../../../../Users/MK/Documents/GitHub/Elemental-Crystal/UE4 Projects/MaterialProject/Content/Geometry/Materials/Glass/M_Glass_Inst2.uasset
[2017.02.25-02.17.45:979][561]LogSavePackage: Save=13.60ms
[2017.02.25-02.17.45:979][561]LogSavePackage: Moving '../../../../../../Users/MK/Documents/GitHub/Elemental-Crystal/UE4 Projects/MaterialProject/Saved/M_MyGlassMaterial_Inst793C82464708A8F064AF8682189FD91A.tmp' to '../../../../../../Users/MK/Documents/GitHub/Elemental-Crystal/UE4 Projects/MaterialProject/Content/Geometry/Materials/Glass/M_MyGlassMaterial_Inst.uasset'
[2017.02.25-02.17.45:985][561]LogSavePackage:Display: Finished SavePackage ../../../../../../Users/MK/Documents/GitHub/Elemental-Crystal/UE4 Projects/MaterialProject/Content/Geometry/Materials/Glass/M_MyGlassMaterial_Inst.uasset
[2017.02.25-02.17.46:029][561]LogSavePackage: Save=16.21ms
[2017.02.25-02.17.46:029][561]LogSavePackage: Moving '../../../../../../Users/MK/Documents/GitHub/Elemental-Crystal/UE4 Projects/MaterialProject/Saved/M_Metallic_5_Inst26D25F84D464A6BDA03BBC99B1F4AC8A8.tmp' to '../../../../../../Users/MK/Documents/GitHub/Elemental-Crystal/UE4 Projects/MaterialProject/Content/Geometry/Materials/Metallic/M_Metallic_5_Inst2.uasset'
[2017.02.25-02.17.46:036][561]LogSavePackage:Display: Finished SavePackage ../../../../../../Users/MK/Documents/GitHub/Elemental-Crystal/UE4 Projects/MaterialProject/Content/Geometry/Materials/Metallic/M_Metallic_5_Inst2.uasset
[2017.02.25-02.17.46:263][561]LogSavePackage: Save=132.66ms
[2017.02.25-02.17.46:263][561]LogSavePackage: Moving '../../../../../../Users/MK/Documents/GitHub/Elemental-Crystal/UE4 Projects/MaterialProject/Saved/Minimal_Default516C598D4DAC6AE99FA0CD99AB968FB6.tmp' to '../../../../../../Users/MK/Documents/GitHub/Elemental-Crystal/UE4 Projects/MaterialProject/Content/StarterContent/Maps/Minimal_Default.umap'
[2017.02.25-02.17.46:272][561]LogSavePackage:Display: Finished SavePackage ../../../../../../Users/MK/Documents/GitHub/Elemental-Crystal/UE4 Projects/MaterialProject/Content/StarterContent/Maps/Minimal_Default.umap
[2017.02.25-02.17.46:309][561]LogFileHelpers: Saving map 'Minimal_Default' took 0.271
[2017.02.25-02.17.46:561][562]Cmd: QUIT_EDITOR
[2017.02.25-02.17.46:899][562]LogWindowsTextInputMethodSystem:Display: IME system now deactivated.
[2017.02.25-02.17.46:965][562]LogExit: Preparing to exit.
[2017.02.25-02.17.47:977][562]LogDirectoryWatcher: A directory notification for 'C:/Users/MK/Documents/GitHub/Elemental-Crystal/UE4 Projects/MaterialProject/Content/' was aborted.
[2017.02.25-02.17.48:100][562]LogExit: Editor shut down
[2017.02.25-02.17.48:102][562]LogExit: Transaction tracking system shut down
[2017.02.25-02.17.48:198][562]LogObj: Freed 0b from 0 cluster array pools.
[2017.02.25-02.17.48:198][562]LogExit: Object subsystem successfully closed.
[2017.02.25-02.17.48:219][562]LogD3D11RHI: Shutdown
[2017.02.25-02.17.48:219][562]LogD3D11RHI: CleanupD3DDevice
[2017.02.25-02.17.48:321][562]LogD3D11RHI: ~FD3D11DynamicRHI
[2017.02.25-02.17.48:340][562]LogModuleManager: Shutting down and abandoning module MaterialEditor (500)
[2017.02.25-02.17.48:340][562]LogModuleManager: Shutting down and abandoning module MovieSceneCapture (498)
[2017.02.25-02.17.48:340][562]LogModuleManager: Shutting down and abandoning module HierarchicalLODOutliner (496)
[2017.02.25-02.17.48:340][562]LogModuleManager: Shutting down and abandoning module CrashTracker (494)
[2017.02.25-02.17.48:340][562]LogModuleManager: Shutting down and abandoning module SceneOutliner (492)
[2017.02.25-02.17.48:340][562]LogModuleManager: Shutting down and abandoning module AddContentDialog (490)
[2017.02.25-02.17.48:340][562]LogDirectoryWatcher: A directory notification for 'C:/Program Files (x86)/UE4/UE_4.15/FeaturePacks/' was aborted.
[2017.02.25-02.17.48:346][562]LogModuleManager: Shutting down and abandoning module WidgetCarousel (489)
[2017.02.25-02.17.48:346][562]LogModuleManager: Shutting down and abandoning module EditorWidgets (486)
[2017.02.25-02.17.48:346][562]LogModuleManager: Shutting down and abandoning module CollectionManager (484)
[2017.02.25-02.17.48:346][562]LogDirectoryWatcher: A directory notification for 'C:/Users/MK/Documents/GitHub/Elemental-Crystal/UE4 Projects/MaterialProject/Content/Collections/' was aborted.
[2017.02.25-02.17.48:346][562]LogDirectoryWatcher: A directory notification for 'C:/Users/MK/Documents/GitHub/Elemental-Crystal/UE4 Projects/MaterialProject/Content/Developers/MK/Collections/' was aborted.
[2017.02.25-02.17.48:346][562]LogDirectoryWatcher: A directory notification for 'C:/Users/MK/Documents/GitHub/Elemental-Crystal/UE4 Projects/MaterialProject/Saved/Collections/' was aborted.
[2017.02.25-02.17.48:346][562]LogModuleManager: Shutting down and abandoning module StatsViewer (482)
[2017.02.25-02.17.48:346][562]LogModuleManager: Shutting down and abandoning module FoliageEdit (480)
[2017.02.25-02.17.48:346][562]LogModuleManager: Shutting down and abandoning module LandscapeEditor (478)
[2017.02.25-02.17.48:346][562]LogModuleManager: Shutting down and abandoning module SceneDepthPickerMode (476)
[2017.02.25-02.17.48:346][562]LogModuleManager: Shutting down and abandoning module ActorPickerMode (474)
[2017.02.25-02.17.48:346][562]LogModuleManager: Shutting down and abandoning module GeometryMode (472)
[2017.02.25-02.17.48:346][562]LogModuleManager: Shutting down and abandoning module TextureAlignMode (470)
[2017.02.25-02.17.48:346][562]LogModuleManager: Shutting down and abandoning module BspMode (468)
[2017.02.25-02.17.48:346][562]LogModuleManager: Shutting down and abandoning module HardwareSurvey (466)
[2017.02.25-02.17.48:346][562]LogModuleManager: Shutting down and abandoning module SequenceRecorderSections (464)
[2017.02.25-02.17.48:346][562]LogModuleManager: Shutting down and abandoning module AutomationWorker (462)
[2017.02.25-02.17.48:346][562]LogModuleManager: Shutting down and abandoning module MatineeToLevelSequence (460)
[2017.02.25-02.17.48:346][562]LogModuleManager: Shutting down and abandoning module LevelSequenceEditor (458)
[2017.02.25-02.17.48:346][562]LogModuleManager: Shutting down and abandoning module PlacementMode (457)
[2017.02.25-02.17.48:346][562]LogModuleManager: Shutting down and abandoning module WmfMediaFactory (454)
[2017.02.25-02.17.48:346][562]LogModuleManager: Shutting down and abandoning module WmfMediaEditor (452)
[2017.02.25-02.17.48:346][562]LogModuleManager: Shutting down and abandoning module MfMediaFactory (450)
[2017.02.25-02.17.48:346][562]LogModuleManager: Shutting down and abandoning module MfMediaEditor (448)
[2017.02.25-02.17.48:346][562]LogModuleManager: Shutting down and abandoning module AvfMediaFactory (446)
[2017.02.25-02.17.48:346][562]LogModuleManager: Shutting down and abandoning module AvfMediaEditor (444)
[2017.02.25-02.17.48:346][562]LogModuleManager: Shutting down and abandoning module AndroidMediaFactory (442)
[2017.02.25-02.17.48:346][562]LogModuleManager: Shutting down and abandoning module Media (441)
[2017.02.25-02.17.48:346][562]LogModuleManager: Shutting down and abandoning module AndroidMediaEditor (438)
[2017.02.25-02.17.48:346][562]LogModuleManager: Shutting down and abandoning module CharacterAI (436)
[2017.02.25-02.17.48:347][562]LogModuleManager: Shutting down and abandoning module AudioCapture (434)
[2017.02.25-02.17.48:347][562]LogModuleManager: Shutting down and abandoning module SequenceRecorder (433)
[2017.02.25-02.17.48:347][562]LogModuleManager: Shutting down and abandoning module SmartSnapping (430)
[2017.02.25-02.17.48:347][562]LogModuleManager: Shutting down and abandoning module SessionServices (428)
[2017.02.25-02.17.48:347][562]LogModuleManager: Shutting down and abandoning module ViewportSnapping (426)
[2017.02.25-02.17.48:347][562]LogModuleManager: Shutting down and abandoning module ViewportInteraction (424)
[2017.02.25-02.17.48:347][562]LogModuleManager: Shutting down and abandoning module LogVisualizer (422)
[2017.02.25-02.17.48:347][562]LogModuleManager: Shutting down and abandoning module IntroTutorials (420)
[2017.02.25-02.17.48:347][562]LogModuleManager: Shutting down and abandoning module GameProjectGeneration (419)
[2017.02.25-02.17.48:347][562]LogModuleManager: Shutting down and abandoning module EditorLiveStreaming (416)
[2017.02.25-02.17.48:347][562]LogModuleManager: Shutting down and abandoning module IOSPlatformEditor (414)
[2017.02.25-02.17.48:347][562]LogModuleManager: Shutting down and abandoning module HTML5PlatformEditor (412)
[2017.02.25-02.17.48:347][562]LogModuleManager: Shutting down and abandoning module AndroidPlatformEditor (410)
[2017.02.25-02.17.48:347][562]LogModuleManager: Shutting down and abandoning module AndroidDeviceDetection (409)
[2017.02.25-02.17.48:444][562]LogModuleManager: Shutting down and abandoning module IOSRuntimeSettings (406)
[2017.02.25-02.17.48:444][562]LogModuleManager: Shutting down and abandoning module AndroidRuntimeSettings (404)
[2017.02.25-02.17.48:444][562]LogModuleManager: Shutting down and abandoning module InputBindingEditor (402)
[2017.02.25-02.17.48:444][562]LogModuleManager: Shutting down and abandoning module NiagaraEditor (400)
[2017.02.25-02.17.48:444][562]LogModuleManager: Shutting down and abandoning module MergeActors (398)
[2017.02.25-02.17.48:444][562]LogModuleManager: Shutting down and abandoning module SizeMap (396)
[2017.02.25-02.17.48:444][562]LogModuleManager: Shutting down and abandoning module TreeMap (394)
[2017.02.25-02.17.48:444][562]LogModuleManager: Shutting down and abandoning module ReferenceViewer (392)
[2017.02.25-02.17.48:444][562]LogModuleManager: Shutting down and abandoning module LocalizationDashboard (390)
[2017.02.25-02.17.48:444][562]LogModuleManager: Shutting down and abandoning module LocalizationService (389)
[2017.02.25-02.17.48:444][562]LogModuleManager: Shutting down and abandoning module HardwareTargeting (386)
[2017.02.25-02.17.48:444][562]LogModuleManager: Shutting down and abandoning module DeviceProfileEditor (384)
[2017.02.25-02.17.48:444][562]LogModuleManager: Shutting down and abandoning module UndoHistory (382)
[2017.02.25-02.17.48:444][562]LogModuleManager: Shutting down and abandoning module UserFeedback (380)
[2017.02.25-02.17.48:444][562]LogModuleManager: Shutting down and abandoning module XmlParser (378)
[2017.02.25-02.17.48:444][562]LogModuleManager: Shutting down and abandoning module Blutility (376)
[2017.02.25-02.17.48:445][562]LogModuleManager: Shutting down and abandoning module ProjectSettingsViewer (374)
[2017.02.25-02.17.48:445][562]LogModuleManager: Shutting down and abandoning module ProjectTargetPlatformEditor (373)
[2017.02.25-02.17.48:445][562]LogModuleManager: Shutting down and abandoning module EditorSettingsViewer (370)
[2017.02.25-02.17.48:445][562]LogModuleManager: Shutting down and abandoning module SettingsEditor (368)
[2017.02.25-02.17.48:445][562]LogModuleManager: Shutting down and abandoning module ProjectLauncher (366)
[2017.02.25-02.17.48:445][562]LogModuleManager: Shutting down and abandoning module SessionFrontend (364)
[2017.02.25-02.17.48:446][562]LogModuleManager: Shutting down and abandoning module ProfilerClient (362)
[2017.02.25-02.17.48:446][562]LogModuleManager: Shutting down and abandoning module DeviceManager (360)
[2017.02.25-02.17.48:446][562]LogModuleManager: Shutting down and abandoning module TargetDeviceServices (359)
[2017.02.25-02.17.48:489][562]LogModuleManager: Shutting down and abandoning module AutomationController (356)
[2017.02.25-02.17.48:489][562]LogModuleManager: Shutting down and abandoning module AutomationWindow (354)
[2017.02.25-02.17.48:489][562]LogModuleManager: Shutting down and abandoning module Layers (352)
[2017.02.25-02.17.48:489][562]LogModuleManager: Shutting down and abandoning module ComponentVisualizers (350)
[2017.02.25-02.17.48:489][562]LogModuleManager: Shutting down and abandoning module DetailCustomizations (348)
[2017.02.25-02.17.48:489][562]LogModuleManager: Shutting down and abandoning module PackagesDialog (346)
[2017.02.25-02.17.48:489][562]LogModuleManager: Shutting down and abandoning module Persona (344)
[2017.02.25-02.17.48:489][562]LogModuleManager: Shutting down and abandoning module AnimGraph (343)
[2017.02.25-02.17.48:489][562]LogModuleManager: Shutting down and abandoning module Kismet (340)
[2017.02.25-02.17.48:490][562]LogModuleManager: Shutting down and abandoning module GraphEditor (338)
[2017.02.25-02.17.48:490][562]LogModuleManager: Shutting down and abandoning module ClassViewer (336)
[2017.02.25-02.17.48:490][562]LogModuleManager: Shutting down and abandoning module Toolbox (334)
[2017.02.25-02.17.48:490][562]LogModuleManager: Shutting down and abandoning module ModuleUI (332)
[2017.02.25-02.17.48:490][562]LogModuleManager: Shutting down and abandoning module MovieSceneTools (330)
[2017.02.25-02.17.48:491][562]LogModuleManager: Shutting down and abandoning module OutputLog (328)
[2017.02.25-02.17.48:491][562]LogModuleManager: Shutting down and abandoning module GammaUI (326)
[2017.02.25-02.17.48:491][562]LogModuleManager: Shutting down and abandoning module Documentation (324)
[2017.02.25-02.17.48:491][562]LogModuleManager: Shutting down and abandoning module Niagara (322)
[2017.02.25-02.17.48:491][562]LogModuleManager: Shutting down and abandoning module StreamingPauseRendering (320)
[2017.02.25-02.17.48:491][562]LogModuleManager: Shutting down and abandoning module AnalyticsET (318)
[2017.02.25-02.17.48:491][562]LogModuleManager: Shutting down and abandoning module PortalServices (316)
[2017.02.25-02.17.48:491][562]LogModuleManager: Shutting down and abandoning module PortalRpc (314)
[2017.02.25-02.17.48:491][562]LogModuleManager: Shutting down and abandoning module MessagingRpc (312)
[2017.02.25-02.17.48:491][562]LogModuleManager: Shutting down and abandoning module AIModule (310)
[2017.02.25-02.17.48:491][562]LogModuleManager: Shutting down and abandoning module GameplayDebugger (309)
[2017.02.25-02.17.48:491][562]LogModuleManager: Shutting down and abandoning module AITestSuite (307)
[2017.02.25-02.17.48:491][562]LogModuleManager: Shutting down and abandoning module ProfilerService (304)
[2017.02.25-02.17.48:643][562]LogModuleManager: Shutting down and abandoning module TaskGraph (302)
[2017.02.25-02.17.48:643][562]LogModuleManager: Shutting down and abandoning module SteamVRController (300)
[2017.02.25-02.17.48:643][562]LogModuleManager: Shutting down and abandoning module SteamVR (298)
[2017.02.25-02.17.48:644][562]LogModuleManager: Shutting down and abandoning module ProceduralMeshComponentEditor (296)
[2017.02.25-02.17.48:644][562]LogModuleManager: Shutting down and abandoning module ProceduralMeshComponent (294)
[2017.02.25-02.17.48:644][562]LogModuleManager: Shutting down and abandoning module OculusLibrary (292)
[2017.02.25-02.17.48:644][562]LogModuleManager: Shutting down and abandoning module OculusInput (290)
[2017.02.25-02.17.48:644][562]LogModuleManager: Shutting down and abandoning module MobilePatchingUtils (288)
[2017.02.25-02.17.48:644][562]LogModuleManager: Shutting down and abandoning module CustomMeshComponent (286)
[2017.02.25-02.17.48:644][562]LogModuleManager: Shutting down and abandoning module CableComponent (284)
[2017.02.25-02.17.48:644][562]LogModuleManager: Shutting down and abandoning module ArchVisCharacter (282)
[2017.02.25-02.17.48:644][562]LogModuleManager: Shutting down and abandoning module MediaPlayerEditor (278)
[2017.02.25-02.17.48:644][562]LogModuleManager: Shutting down and abandoning module HTML5Networking (276)
[2017.02.25-02.17.48:644][562]LogModuleManager: Shutting down and abandoning module AlembicImporter (274)
[2017.02.25-02.17.48:644][562]LogModuleManager: Shutting down and abandoning module AlembicLibrary (273)
[2017.02.25-02.17.48:644][562]LogModuleManager: Shutting down and abandoning module GeometryCache (272)
[2017.02.25-02.17.48:644][562]LogModuleManager: Shutting down and abandoning module GeometryCacheEd (271)
[2017.02.25-02.17.48:644][562]LogModuleManager: Shutting down and abandoning module SuperSearchEditor (266)
[2017.02.25-02.17.48:644][562]LogModuleManager: Shutting down and abandoning module SuperSearch (265)
[2017.02.25-02.17.48:644][562]LogModuleManager: Shutting down and abandoning module SpeedTreeImporter (262)
[2017.02.25-02.17.48:644][562]LogModuleManager: Shutting down and abandoning module PluginBrowser (260)
[2017.02.25-02.17.48:644][562]LogModuleManager: Shutting down and abandoning module MobileLauncherProfileWizard (258)
[2017.02.25-02.17.48:644][562]LogModuleManager: Shutting down and abandoning module EpicSurvey (256)
[2017.02.25-02.17.48:644][562]LogModuleManager: Shutting down and abandoning module VisualStudioSourceCodeAccess (254)
[2017.02.25-02.17.48:644][562]LogModuleManager: Shutting down and abandoning module DesktopPlatform (253)
[2017.02.25-02.17.48:644][562]LogModuleManager: Shutting down and abandoning module UObjectPlugin (250)
[2017.02.25-02.17.48:644][562]LogModuleManager: Shutting down and abandoning module SubversionSourceControl (248)
[2017.02.25-02.17.48:644][562]LogModuleManager: Shutting down and abandoning module PerforceSourceControl (246)
[2017.02.25-02.17.48:644][562]LogModuleManager: Shutting down and abandoning module GitSourceControl (244)
[2017.02.25-02.17.48:644][562]LogModuleManager: Shutting down and abandoning module SourceControl (243)
[2017.02.25-02.17.48:645][562]LogModuleManager: Shutting down and abandoning module LightPropagationVolumeEditor (240)
[2017.02.25-02.17.48:645][562]LogModuleManager: Shutting down and abandoning module PaperTiledImporter (238)
[2017.02.25-02.17.48:645][562]LogModuleManager: Shutting down and abandoning module PaperSpriteSheetImporter (236)
[2017.02.25-02.17.48:645][562]LogModuleManager: Shutting down and abandoning module Paper2DEditor (234)
[2017.02.25-02.17.48:645][562]LogModuleManager: Shutting down and abandoning module MeshPaint (233)
[2017.02.25-02.17.48:645][562]LogModuleManager: Shutting down and abandoning module LevelEditor (231)
[2017.02.25-02.17.48:647][562]LogModuleManager: Shutting down and abandoning module PixelInspectorModule (230)
[2017.02.25-02.17.48:647][562]LogModuleManager: Shutting down and abandoning module MainFrame (228)
[2017.02.25-02.17.48:647][562]LogModuleManager: Shutting down and abandoning module HotReload (227)
[2017.02.25-02.17.48:648][562]LogModuleManager: Shutting down and abandoning module ContentBrowser (223)
[2017.02.25-02.17.48:652][562]LogModuleManager: Shutting down and abandoning module PhysXVehiclesEditor (220)
[2017.02.25-02.17.48:652][562]LogModuleManager: Shutting down and abandoning module PhysXVehicles (218)
[2017.02.25-02.17.48:652][562]LogModuleManager: Shutting down and abandoning module LocationServicesBPLibrary (216)
[2017.02.25-02.17.48:652][562]LogModuleManager: Shutting down and abandoning module UdpMessaging (214)
[2017.02.25-02.17.48:753][562]LogModuleManager: Shutting down and abandoning module TcpMessaging (212)
[2017.02.25-02.17.48:853][562]LogModuleManager: Shutting down and abandoning module GameplayTagsEditor (210)
[2017.02.25-02.17.48:853][562]LogModuleManager: Shutting down and abandoning module FacialAnimationEditor (208)
[2017.02.25-02.17.48:853][562]LogModuleManager: Shutting down and abandoning module FacialAnimation (206)
[2017.02.25-02.17.48:853][562]LogModuleManager: Shutting down and abandoning module LightPropagationVolumeRuntime (204)
[2017.02.25-02.17.48:853][562]LogModuleManager: Shutting down and abandoning module Paper2D (202)
[2017.02.25-02.17.48:853][562]LogModuleManager: Shutting down and abandoning module WindowsMoviePlayer (200)
[2017.02.25-02.17.48:853][562]LogModuleManager: Shutting down and abandoning module WmfMedia (198)
[2017.02.25-02.17.48:854][562]LogModuleManager: Shutting down and abandoning module MfMedia (196)
[2017.02.25-02.17.48:854][562]LogModuleManager: Shutting down and abandoning module MediaAssets (194)
[2017.02.25-02.17.48:854][562]LogModuleManager: Shutting down and abandoning module GameLiveStreaming (192)
[2017.02.25-02.17.48:854][562]LogModuleManager: Shutting down and abandoning module VREditor (190)
[2017.02.25-02.17.48:854][562]LogModuleManager: Shutting down and abandoning module GameplayTasksEditor (188)
[2017.02.25-02.17.48:854][562]LogModuleManager: Shutting down and abandoning module BehaviorTreeEditor (186)
[2017.02.25-02.17.48:854][562]LogModuleManager: Shutting down and abandoning module FunctionalTesting (184)
[2017.02.25-02.17.48:854][562]LogModuleManager: Shutting down and abandoning module CollisionAnalyzer (182)
[2017.02.25-02.17.48:854][562]LogModuleManager: Shutting down and abandoning module UMG (180)
[2017.02.25-02.17.48:854][562]LogModuleManager: Shutting down and abandoning module UMGEditor (179)
[2017.02.25-02.17.48:854][562]LogModuleManager: Shutting down and abandoning module Sequencer (178)
[2017.02.25-02.17.48:854][562]LogModuleManager: Shutting down and abandoning module AssetTools (176)
[2017.02.25-02.17.48:855][562]LogModuleManager: Shutting down and abandoning module MessageLog (175)
[2017.02.25-02.17.48:855][562]LogModuleManager: Shutting down and abandoning module WorkspaceMenuStructure (174)
[2017.02.25-02.17.48:855][562]LogModuleManager: Shutting down and abandoning module SlateReflector (168)
[2017.02.25-02.17.48:855][562]LogModuleManager: Shutting down and abandoning module Slate (166)
[2017.02.25-02.17.48:855][562]LogModuleManager: Shutting down and abandoning module EditorStyle (164)
[2017.02.25-02.17.48:861][562]LogModuleManager: Shutting down and abandoning module SourceCodeAccess (162)
[2017.02.25-02.17.48:861][562]LogModuleManager: Shutting down and abandoning module HeadMountedDisplay (160)
[2017.02.25-02.17.48:861][562]LogModuleManager: Shutting down and abandoning module XAudio2 (158)
[2017.02.25-02.17.48:861][562]LogModuleManager: Shutting down and abandoning module Networking (156)
[2017.02.25-02.17.48:862][562]LogModuleManager: Shutting down and abandoning module Core (152)
[2017.02.25-02.17.48:862][562]LogModuleManager: Shutting down and abandoning module AssetRegistry (150)
[2017.02.25-02.17.49:050][562]LogDirectoryWatcher: A directory notification for '../../../Engine/Content/' was aborted.
[2017.02.25-02.17.49:051][562]LogDirectoryWatcher: A directory notification for '../../../../../../Users/MK/Documents/GitHub/Elemental-Crystal/UE4 Projects/MaterialProject/Content/' was aborted.
[2017.02.25-02.17.49:051][562]LogDirectoryWatcher: A directory notification for '../../../Engine/Plugins/2D/Paper2D/Content/' was aborted.
[2017.02.25-02.17.49:051][562]LogModuleManager: Shutting down and abandoning module DirectoryWatcher (149)
[2017.02.25-02.17.49:061][562]LogModuleManager: Shutting down and abandoning module KismetCompiler (146)
[2017.02.25-02.17.49:061][562]LogModuleManager: Shutting down and abandoning module PhysXFormats (144)
[2017.02.25-02.17.49:061][562]LogModuleManager: Shutting down and abandoning module MeshUtilities (142)
[2017.02.25-02.17.49:061][562]LogModuleManager: Shutting down and abandoning module SimplygonSwarm (141)
[2017.02.25-02.17.49:061][562]LogModuleManager: Shutting down and abandoning module SimplygonMeshReduction (139)
[2017.02.25-02.17.49:062][562]LogModuleManager: Shutting down and abandoning module QuadricMeshReduction (137)
[2017.02.25-02.17.49:062][562]LogModuleManager: Shutting down and abandoning module PropertyEditor (135)
[2017.02.25-02.17.49:062][562]LogModuleManager: Shutting down and abandoning module DerivedDataCache (132)
[2017.02.25-02.17.49:113][562]LogDerivedDataCache: Shutdown
[2017.02.25-02.17.49:113][562]LogModuleManager: Shutting down and abandoning module TargetPlatform (130)
[2017.02.25-02.17.49:113][562]LogModuleManager: Shutting down and abandoning module VulkanShaderFormat (129)
[2017.02.25-02.17.49:113][562]LogModuleManager: Shutting down and abandoning module ShaderFormatOpenGL (127)
[2017.02.25-02.17.49:113][562]LogModuleManager: Shutting down and abandoning module ShaderFormatD3D (125)
[2017.02.25-02.17.49:113][562]LogModuleManager: Shutting down and abandoning module MetalShaderFormat (123)
[2017.02.25-02.17.49:113][562]LogModuleManager: Shutting down and abandoning module TextureFormatUncompressed (121)
[2017.02.25-02.17.49:113][562]LogModuleManager: Shutting down and abandoning module TextureFormatPVR (119)
[2017.02.25-02.17.49:113][562]LogModuleManager: Shutting down and abandoning module TextureFormatDXT (117)
[2017.02.25-02.17.49:113][562]LogModuleManager: Shutting down and abandoning module TextureFormatIntelISPCTexComp (115)
[2017.02.25-02.17.49:114][562]LogModuleManager: Shutting down and abandoning module TextureFormatASTC (113)
[2017.02.25-02.17.49:114][562]LogModuleManager: Shutting down and abandoning module ImageWrapper (112)
[2017.02.25-02.17.49:114][562]LogModuleManager: Shutting down and abandoning module TextureFormatAndroid (109)
[2017.02.25-02.17.49:114][562]LogModuleManager: Shutting down and abandoning module AudioFormatOpus (107)
[2017.02.25-02.17.49:114][562]LogModuleManager: Shutting down and abandoning module AudioFormatOgg (105)
[2017.02.25-02.17.49:114][562]LogModuleManager: Shutting down and abandoning module AudioFormatADPCM (103)
[2017.02.25-02.17.49:114][562]LogModuleManager: Shutting down and abandoning module LinuxTargetPlatform (101)
[2017.02.25-02.17.49:114][562]LogModuleManager: Shutting down and abandoning module LinuxServerTargetPlatform (99)
[2017.02.25-02.17.49:114][562]LogModuleManager: Shutting down and abandoning module LinuxNoEditorTargetPlatform (97)
[2017.02.25-02.17.49:114][562]LogModuleManager: Shutting down and abandoning module LinuxClientTargetPlatform (95)
[2017.02.25-02.17.49:114][562]LogModuleManager: Shutting down and abandoning module TVOSTargetPlatform (93)
[2017.02.25-02.17.49:114][562]LogModuleManager: Shutting down and abandoning module Messaging (91)
[2017.02.25-02.17.49:114][562]LogModuleManager: Shutting down and abandoning module IOSTargetPlatform (89)
[2017.02.25-02.17.49:115][562]LogModuleManager: Shutting down and abandoning module HTML5TargetPlatform (87)
[2017.02.25-02.17.49:115][562]LogModuleManager: Shutting down and abandoning module Android_PVRTCTargetPlatform (85)
[2017.02.25-02.17.49:115][562]LogModuleManager: Shutting down and abandoning module Android_MultiTargetPlatform (83)
[2017.02.25-02.17.49:115][562]LogModuleManager: Shutting down and abandoning module Android_ETC2TargetPlatform (81)
[2017.02.25-02.17.49:115][562]LogModuleManager: Shutting down and abandoning module Android_ETC1TargetPlatform (79)
[2017.02.25-02.17.49:115][562]LogModuleManager: Shutting down and abandoning module Android_DXTTargetPlatform (77)
[2017.02.25-02.17.49:115][562]LogModuleManager: Shutting down and abandoning module Android_ATCTargetPlatform (75)
[2017.02.25-02.17.49:115][562]LogModuleManager: Shutting down and abandoning module Android_ASTCTargetPlatform (73)
[2017.02.25-02.17.49:115][562]LogModuleManager: Shutting down and abandoning module AndroidTargetPlatform (71)
[2017.02.25-02.17.49:115][562]LogModuleManager: Shutting down and abandoning module WindowsTargetPlatform (69)
[2017.02.25-02.17.49:115][562]LogModuleManager: Shutting down and abandoning module WindowsServerTargetPlatform (67)
[2017.02.25-02.17.49:115][562]LogModuleManager: Shutting down and abandoning module WindowsNoEditorTargetPlatform (65)
[2017.02.25-02.17.49:115][562]LogModuleManager: Shutting down and abandoning module WindowsClientTargetPlatform (63)
[2017.02.25-02.17.49:115][562]LogModuleManager: Shutting down and abandoning module MacTargetPlatform (61)
[2017.02.25-02.17.49:115][562]LogModuleManager: Shutting down and abandoning module MacServerTargetPlatform (59)
[2017.02.25-02.17.49:115][562]LogModuleManager: Shutting down and abandoning module MacNoEditorTargetPlatform (57)
[2017.02.25-02.17.49:115][562]LogModuleManager: Shutting down and abandoning module MacClientTargetPlatform (55)
[2017.02.25-02.17.49:115][562]LogModuleManager: Shutting down and abandoning module AllDesktopTargetPlatform (53)
[2017.02.25-02.17.49:115][562]LogModuleManager: Shutting down and abandoning module InputCore (50)
[2017.02.25-02.17.49:116][562]LogModuleManager: Shutting down and abandoning module Settings (48)
[2017.02.25-02.17.49:116][562]LogModuleManager: Shutting down and abandoning module OculusRift (46)
[2017.02.25-02.17.49:116][562]LogModuleManager: Shutting down and abandoning module ExampleDeviceProfileSelector (44)
[2017.02.25-02.17.49:116][562]LogModuleManager: Shutting down and abandoning module OnlineBlueprintSupport (42)
[2017.02.25-02.17.49:116][562]LogModuleManager: Shutting down and abandoning module OnlineSubsystem (38)
[2017.02.25-02.17.49:116][562]LogOnline:Display: Unloading online subsystem: NULL
[2017.02.25-02.17.49:116][562]LogModuleManager: Shutting down and abandoning module XMPP (37)
[2017.02.25-02.17.49:116][562]LogModuleManager: Shutting down and abandoning module HTTP (35)
[2017.02.25-02.17.49:116][562]LogHttp:Display: Http module shutting down, but needs to wait on 1 outstanding Http requests:
[2017.02.25-02.17.49:116][562]LogHttp:Display: 	verb=[POST] url=[https://datarouter.ol.epicgames.com/datarouter/api/v1/public/data?SessionID=%7B2D5E3BCE-472D-276C-7900-6A9268338175%7D&AppID=UEEditor.Rocket.Release&AppVersion=4.15.0-3299760%2B%2B%2BUE4%2BRelease-4.15&UserID=334633ec47b86efaaafd77b4c66d0caf%7Cb334a10853e2472da39822e83ed086fb%7C04676ccb-24da-408c-9ba2-e95118f227f9&AppEnvironment=datacollector-binary&UploadType=eteventstream] status=Processing
[2017.02.25-02.17.49:149][562]LogModuleManager: Shutting down and abandoning module SSL (34)
[2017.02.25-02.17.49:152][562]LogModuleManager: Shutting down and abandoning module AudioEditor (30)
[2017.02.25-02.17.49:152][562]LogModuleManager: Shutting down and abandoning module TextureCompressor (28)
[2017.02.25-02.17.49:153][562]LogModuleManager: Shutting down and abandoning module ShaderCore (26)
[2017.02.25-02.17.49:153][562]LogModuleManager: Shutting down and abandoning module Landscape (24)
[2017.02.25-02.17.49:153][562]LogModuleManager: Shutting down and abandoning module SlateRHIRenderer (22)
[2017.02.25-02.17.49:162][562]LogModuleManager: Shutting down and abandoning module OpenGLDrv (20)
[2017.02.25-02.17.49:162][562]LogModuleManager: Shutting down and abandoning module D3D11RHI (18)
[2017.02.25-02.17.49:162][562]LogModuleManager: Shutting down and abandoning module AnimGraphRuntime (16)
[2017.02.25-02.17.49:162][562]LogModuleManager: Shutting down and abandoning module Renderer (14)
[2017.02.25-02.17.49:162][562]LogModuleManager: Shutting down and abandoning module Engine (12)
[2017.02.25-02.17.49:162][562]LogModuleManager: Shutting down and abandoning module CoreUObject (10)
[2017.02.25-02.17.49:162][562]LogModuleManager: Shutting down and abandoning module NetworkFile (8)
[2017.02.25-02.17.49:162][562]LogModuleManager: Shutting down and abandoning module StreamingFile (6)
[2017.02.25-02.17.49:162][562]LogModuleManager: Shutting down and abandoning module SandboxFile (4)
[2017.02.25-02.17.49:162][562]LogModuleManager: Shutting down and abandoning module PakFile (2)
[2017.02.25-02.17.49:165][562]LogExit: Exiting.
[2017.02.25-02.17.49:197][562]Log file closed, 02/25/17 03:17:49
